Determining if the pthread_create exist failed with the following output:
Change Dir: /home/atHomeSS18/God-Watcher/workspace/speech/build/CMakeFiles/CMakeTmp

Run Build Command:"/usr/bin/make" "cmTC_0e16b/fast"
/usr/bin/make -f CMakeFiles/cmTC_0e16b.dir/build.make CMakeFiles/cmTC_0e16b.dir/build
make[1]: Entering directory '/home/atHomeSS18/God-Watcher/workspace/speech/build/CMakeFiles/CMakeTmp'
Building C object CMakeFiles/cmTC_0e16b.dir/CheckSymbolExists.c.o
/usr/bin/cc     -o CMakeFiles/cmTC_0e16b.dir/CheckSymbolExists.c.o   -c /home/atHomeSS18/God-Watcher/workspace/speech/build/CMakeFiles/CMakeTmp/CheckSymbolExists.c
Linking C executable cmTC_0e16b
/usr/bin/cmake -E cmake_link_script CMakeFiles/cmTC_0e16b.dir/link.txt --verbose=1
/usr/bin/cc       CMakeFiles/cmTC_0e16b.dir/CheckSymbolExists.c.o  -o cmTC_0e16b -rdynamic 
CMakeFiles/cmTC_0e16b.dir/CheckSymbolExists.c.o: In function `main':
CheckSymbolExists.c:(.text+0x16): undefined reference to `pthread_create'
collect2: error: ld returned 1 exit status
CMakeFiles/cmTC_0e16b.dir/build.make:97: recipe for target 'cmTC_0e16b' failed
make[1]: *** [cmTC_0e16b] Error 1
make[1]: Leaving directory '/home/atHomeSS18/God-Watcher/workspace/speech/build/CMakeFiles/CMakeTmp'
Makefile:126: recipe for target 'cmTC_0e16b/fast' failed
make: *** [cmTC_0e16b/fast] Error 2

File /home/atHomeSS18/God-Watcher/workspace/speech/build/CMakeFiles/CMakeTmp/CheckSymbolExists.c:
/* */
#include <pthread.h>

int main(int argc, char** argv)
{
  (void)argv;
#ifndef pthread_create
  return ((int*)(&pthread_create))[argc];
#else
  (void)argc;
  return 0;
#endif
}

Determining if the function pthread_create exists in the pthreads failed with the following output:
Change Dir: /home/atHomeSS18/God-Watcher/workspace/speech/build/CMakeFiles/CMakeTmp

Run Build Command:"/usr/bin/make" "cmTC_070d7/fast"
/usr/bin/make -f CMakeFiles/cmTC_070d7.dir/build.make CMakeFiles/cmTC_070d7.dir/build
make[1]: Entering directory '/home/atHomeSS18/God-Watcher/workspace/speech/build/CMakeFiles/CMakeTmp'
Building C object CMakeFiles/cmTC_070d7.dir/CheckFunctionExists.c.o
/usr/bin/cc    -DCHECK_FUNCTION_EXISTS=pthread_create   -o CMakeFiles/cmTC_070d7.dir/CheckFunctionExists.c.o   -c /usr/share/cmake-3.5/Modules/CheckFunctionExists.c
Linking C executable cmTC_070d7
/usr/bin/cmake -E cmake_link_script CMakeFiles/cmTC_070d7.dir/link.txt --verbose=1
/usr/bin/cc   -DCHECK_FUNCTION_EXISTS=pthread_create    CMakeFiles/cmTC_070d7.dir/CheckFunctionExists.c.o  -o cmTC_070d7 -rdynamic -lpthreads 
/usr/bin/ld: cannot find -lpthreads
collect2: error: ld returned 1 exit status
CMakeFiles/cmTC_070d7.dir/build.make:97: recipe for target 'cmTC_070d7' failed
make[1]: *** [cmTC_070d7] Error 1
make[1]: Leaving directory '/home/atHomeSS18/God-Watcher/workspace/speech/build/CMakeFiles/CMakeTmp'
Makefile:126: recipe for target 'cmTC_070d7/fast' failed
make: *** [cmTC_070d7/fast] Error 2


